<?xml version="1.0" encoding="UTF-8"?>
<!-- Generated by org.testng.reporters.JUnitXMLReporter -->
<testsuite ignored="0" hostname="Sane-WS" failures="0" tests="2" name="Default test" time="0.077" errors="0" timestamp="2022-11-06T00:00:33 IST">
  <testcase classname="com.sgtesting.testcases.testvagrant" name="validateNumberofWicketKeeper" time="0.042"/>
  <testcase classname="com.sgtesting.testcases.testvagrant" name="validateTeamHasFourForeignPlayers" time="0.002"/>
</testsuite> <!-- Default test -->
