<?xml version="1.0" encoding="UTF-8"?>
<testng-results ignored="0" total="2" passed="2" failed="0" skipped="0">
  <reporter-output>
  </reporter-output>
  <suite started-at="2022-08-28T13:30:32 IST" name="Suite" finished-at="2022-08-28T13:30:32 IST" duration-ms="310">
    <groups>
    </groups>
    <test started-at="2022-08-28T13:30:32 IST" name="Test" finished-at="2022-08-28T13:30:32 IST" duration-ms="310">
      <class name="com.sgtesting.testcases.Testcases">
        <test-method signature="method1()[pri:0, instance:com.sgtesting.testcases.Testcases@17c386de]" started-at="2022-08-28T13:30:32 IST" name="method1" finished-at="2022-08-28T13:30:32 IST" duration-ms="14" status="PASS">
          <reporter-output>
          </reporter-output>
        </test-method> <!-- method1 -->
        <test-method signature="method2()[pri:0, instance:com.sgtesting.testcases.Testcases@17c386de]" started-at="2022-08-28T13:30:32 IST" name="method2" finished-at="2022-08-28T13:30:32 IST" duration-ms="1" status="PASS">
          <reporter-output>
          </reporter-output>
        </test-method> <!-- method2 -->
      </class> <!-- com.sgtesting.testcases.Testcases -->
    </test> <!-- Test -->
  </suite> <!-- Suite -->
</testng-results>
