<?xml version="1.0" encoding="UTF-8"?>
<testng-results ignored="0" total="2" passed="2" failed="0" skipped="0">
  <reporter-output>
  </reporter-output>
  <suite started-at="2022-11-06T00:00:33 IST" name="Default suite" finished-at="2022-11-06T00:00:33 IST" duration-ms="77">
    <groups>
    </groups>
    <test started-at="2022-11-06T00:00:33 IST" name="Default test" finished-at="2022-11-06T00:00:33 IST" duration-ms="77">
      <class name="com.sgtesting.testcases.testvagrant">
        <test-method signature="validateNumberofWicketKeeper()[pri:0, instance:com.sgtesting.testcases.testvagrant@378542de]" started-at="2022-11-06T00:00:33 IST" name="validateNumberofWicketKeeper" finished-at="2022-11-06T00:00:33 IST" duration-ms="42" status="PASS">
          <reporter-output>
          </reporter-output>
        </test-method> <!-- validateNumberofWicketKeeper -->
        <test-method signature="validateTeamHasFourForeignPlayers()[pri:0, instance:com.sgtesting.testcases.testvagrant@378542de]" started-at="2022-11-06T00:00:33 IST" name="validateTeamHasFourForeignPlayers" finished-at="2022-11-06T00:00:33 IST" duration-ms="2" status="PASS">
          <reporter-output>
          </reporter-output>
        </test-method> <!-- validateTeamHasFourForeignPlayers -->
      </class> <!-- com.sgtesting.testcases.testvagrant -->
    </test> <!-- Default test -->
  </suite> <!-- Default suite -->
</testng-results>
